<?xml version="1.0" encoding="UTF-8"?>
<!-- Generated by org.testng.reporters.JUnitReportReporter -->
<testsuite skipped="0" hostname="DevLAPTOP" name="qaclickacademy.SeleniumTest" tests="2" failures="0" timestamp="21 Jul 2019 21:09:23 GMT" time="0.005" errors="0">
  <testcase name="elementsUI" time="0.000" classname="qaclickacademy.SeleniumTest"/>
  <testcase name="BrowserAutomation" time="0.005" classname="qaclickacademy.SeleniumTest"/>
</testsuite> <!-- qaclickacademy.SeleniumTest -->
